<?xml version="1.0" encoding="UTF-8"?>
<testng-results skipped="0" failed="0" ignored="0" total="1" passed="1">
  <reporter-output>
  </reporter-output>
  <suite name="Default suite" duration-ms="19918" started-at="2020-05-22T11:46:14 EDT" finished-at="2020-05-22T11:46:33 EDT">
    <groups>
    </groups>
    <test name="Default test" duration-ms="19918" started-at="2020-05-22T11:46:14 EDT" finished-at="2020-05-22T11:46:33 EDT">
      <class name="Pageom.steaveTest">
        <test-method status="PASS" signature="parctice()[pri:0, instance:Pageom.steaveTest@22a67b4]" name="parctice" duration-ms="19881" started-at="2020-05-22T11:46:14 EDT" finished-at="2020-05-22T11:46:33 EDT">
          <reporter-output>
          </reporter-output>
        </test-method> <!-- parctice -->
      </class> <!-- Pageom.steaveTest -->
    </test> <!-- Default test -->
  </suite> <!-- Default suite -->
</testng-results>
